<?xml version="1.0" encoding="UTF-8"?>
<!-- Generated by org.testng.reporters.JUnitReportReporter -->
<testsuite hostname="LAPTOP-DK6TK74Q" failures="0" tests="1" name="JDBC.practice.ExecuteUpdateTest" time="0.885" errors="0" timestamp="2022-04-19T16:18:14 IST" skipped="0">
  <testcase classname="JDBC.practice.ExecuteUpdateTest" name="executeUpdateTest" time="0.885"/>
  <system-out/>
</testsuite> <!-- JDBC.practice.ExecuteUpdateTest -->
