<?xml version="1.0" encoding="UTF-8"?>
<!-- Generated by org.testng.reporters.JUnitReportReporter -->
<testsuite hostname="LAPTOP-DK6TK74Q" failures="0" tests="1" name="JDBC.practice.ExecuteQueryTest" time="0.541" errors="0" timestamp="2022-04-19T15:32:37 IST" skipped="0">
  <testcase classname="JDBC.practice.ExecuteQueryTest" name="executeQueryTest" time="0.541"/>
  <system-out/>
</testsuite> <!-- JDBC.practice.ExecuteQueryTest -->
