<?xml version="1.0" encoding="UTF-8"?>
<!-- Generated by org.testng.reporters.JUnitReportReporter -->
<testsuite hostname="LAPTOP-DK6TK74Q" failures="0" tests="1" name="DDT.practice.ReadingDataFromJSONTest" time="0.053" errors="0" timestamp="2022-04-14T17:13:19 IST" skipped="0">
  <testcase classname="DDT.practice.ReadingDataFromJSONTest" name="readingDataFromJSONTest" time="0.053"/>
  <system-out/>
</testsuite> <!-- DDT.practice.ReadingDataFromJSONTest -->
