<?xml version="1.0" encoding="UTF-8"?>
<!-- Generated by org.testng.reporters.JUnitReportReporter -->
<testsuite hostname="LAPTOP-DK6TK74Q" failures="0" tests="1" name="DDT.practice.ReadingDataFromXMLTest" time="0.016" errors="0" timestamp="2022-04-14T16:31:25 IST" skipped="0">
  <testcase classname="DDT.practice.ReadingDataFromXMLTest" name="readingDataFromXMLTest" time="0.016"/>
  <system-out/>
</testsuite> <!-- DDT.practice.ReadingDataFromXMLTest -->
