<?xml version="1.0" encoding="UTF-8"?>
<!-- Generated by org.testng.reporters.JUnitReportReporter -->
<testsuite hostname="LAPTOP-DK6TK74Q" failures="0" tests="1" name="DDT.practice.ReadingDataFromPropertyFileTest" time="0.019" errors="0" timestamp="2022-04-14T15:40:24 IST" skipped="0">
  <testcase classname="DDT.practice.ReadingDataFromPropertyFileTest" name="readingDataFromPropertyTest" time="0.019"/>
  <system-out/>
</testsuite> <!-- DDT.practice.ReadingDataFromPropertyFileTest -->
